<?xml version="1.0" encoding="UTF-8"?>
<testsuite xmlns:xsi="http://www.w3.org/2001/XMLSchema-instance" xsi:noNamespaceSchemaLocation="https://maven.apache.org/surefire/maven-surefire-plugin/xsd/surefire-test-report.xsd" version="3.0.2" name="de.homelabs.hlfileserver.HlfileserverApplicationTests" time="0.962" tests="1" errors="0" skipped="0" failures="0">
  <properties>
[...]
</properties>
  <testcase name="checkIfPOMExists" classname="de.homelabs.hlfileserver.HlfileserverApplicationTests" time="0.414">
    <system-out><![CDATA[21:34:23.838 [main] INFO org.springframework.test.context.support.AnnotationConfigContextLoaderUtils -- Could not detect default configuration classes for test class [de.homelabs.hlfileserver.HlfileserverApplicationTests]: HlfileserverApplicationTests does not declare any static, non-private, non-final, nested classes annotated with @Configuration.
21:34:23.884 [main] INFO org.springframework.boot.test.context.SpringBootTestContextBootstrapper -- Found @SpringBootConfiguration de.homelabs.hlfileserver.HlfileserverApplication for test class de.homelabs.hlfileserver.HlfileserverApplicationTests

  .   ____          _            __ _ _
 /\\ / ___'_ __ _ _(_)_ __  __ _ \ \ \ \
( ( )\___ | '_ | '_| | '_ \/ _` | \ \ \ \
 \\/  ___)| |_)| | | | | || (_| |  ) ) ) )
  '  |____| .__|_| |_|_| |_\__, | / / / /
 =========|_|==============|___/=/_/_/_/

 :: Spring Boot ::                (v3.4.2)

2025-01-29T21:34:24.075+01:00  INFO 13767 --- [hlfileserver] [           main] d.h.h.HlfileserverApplicationTests       : Starting HlfileserverApplicationTests using Java 21.0.5 with PID 13767 (started by sm1rk in /home/sm1rk/projekte/ws/cms/hlfileserver)
2025-01-29T21:34:24.075+01:00  INFO 13767 --- [hlfileserver] [           main] d.h.h.HlfileserverApplicationTests       : No active profile set, falling back to 1 default profile: "default"
2025-01-29T21:34:24.294+01:00  INFO 13767 --- [hlfileserver] [           main] d.h.h.HlfileserverApplicationTests       : Started HlfileserverApplicationTests in 0.353 seconds (process running for 0.767)
2025-01-29T21:34:24.704+01:00  INFO 13767 --- [hlfileserver] [           main] d.h.h.HlfileserverApplicationTests       : (D) .git
2025-01-29T21:34:24.705+01:00  INFO 13767 --- [hlfileserver] [           main] d.h.h.HlfileserverApplicationTests       : (D) .settings
2025-01-29T21:34:24.705+01:00  INFO 13767 --- [hlfileserver] [           main] d.h.h.HlfileserverApplicationTests       : (D) documentation
2025-01-29T21:34:24.705+01:00  INFO 13767 --- [hlfileserver] [           main] d.h.h.HlfileserverApplicationTests       : (D) src
2025-01-29T21:34:24.705+01:00  INFO 13767 --- [hlfileserver] [           main] d.h.h.HlfileserverApplicationTests       : (D) target
2025-01-29T21:34:24.705+01:00  INFO 13767 --- [hlfileserver] [           main] d.h.h.HlfileserverApplicationTests       : (F) .classpath
2025-01-29T21:34:24.705+01:00  INFO 13767 --- [hlfileserver] [           main] d.h.h.HlfileserverApplicationTests       : (F) .gitignore
2025-01-29T21:34:24.705+01:00  INFO 13767 --- [hlfileserver] [           main] d.h.h.HlfileserverApplicationTests       : (F) .project
2025-01-29T21:34:24.705+01:00  INFO 13767 --- [hlfileserver] [           main] d.h.h.HlfileserverApplicationTests       : (F) HELP.md
2025-01-29T21:34:24.705+01:00  INFO 13767 --- [hlfileserver] [           main] d.h.h.HlfileserverApplicationTests       : (F) LICENSE
2025-01-29T21:34:24.705+01:00  INFO 13767 --- [hlfileserver] [           main] d.h.h.HlfileserverApplicationTests       : (F) README.md
2025-01-29T21:34:24.705+01:00  INFO 13767 --- [hlfileserver] [           main] d.h.h.HlfileserverApplicationTests       : (F) mvnw
2025-01-29T21:34:24.705+01:00  INFO 13767 --- [hlfileserver] [           main] d.h.h.HlfileserverApplicationTests       : (F) mvnw.cmd
2025-01-29T21:34:24.705+01:00  INFO 13767 --- [hlfileserver] [           main] d.h.h.HlfileserverApplicationTests       : (F) pom.xml
]]></system-out>
    <system-err><![CDATA[Mockito is currently self-attaching to enable the inline-mock-maker. This will no longer work in future releases of the JDK. Please add Mockito as an agent to your build what is described in Mockito's documentation: https://javadoc.io/doc/org.mockito/mockito-core/latest/org/mockito/Mockito.html#0.3
WARNING: A Java agent has been loaded dynamically (/home/sm1rk/.m2/repository/net/bytebuddy/byte-buddy-agent/1.15.11/byte-buddy-agent-1.15.11.jar)
WARNING: If a serviceability tool is in use, please run with -XX:+EnableDynamicAgentLoading to hide this warning
WARNING: If a serviceability tool is not in use, please run with -Djdk.instrument.traceUsage for more information
WARNING: Dynamic loading of agents will be disallowed by default in a future release
]]></system-err>
  </testcase>
</testsuite>