<?xml version="1.0" encoding="UTF-8"?>
<testsuite xmlns:xsi="http://www.w3.org/2001/XMLSchema-instance" xsi:noNamespaceSchemaLocation="https://maven.apache.org/surefire/maven-surefire-plugin/xsd/surefire-test-report.xsd" version="3.0.2" name="de.homelabs.hlfileserver.HlfileserverApplicationTests" time="3.521" tests="1" errors="0" skipped="0" failures="0">
  <properties>
[...]
</properties>
  <testcase name="contextLoads" classname="de.homelabs.hlfileserver.HlfileserverApplicationTests" time="1.35">
    <system-out><![CDATA[21:31:47.737 [main] INFO org.springframework.test.context.support.AnnotationConfigContextLoaderUtils -- Could not detect default configuration classes for test class [de.homelabs.hlfileserver.HlfileserverApplicationTests]: HlfileserverApplicationTests does not declare any static, non-private, non-final, nested classes annotated with @Configuration.
21:31:47.937 [main] INFO org.springframework.boot.test.context.SpringBootTestContextBootstrapper -- Found @SpringBootConfiguration de.homelabs.hlfileserver.HlfileserverApplication for test class de.homelabs.hlfileserver.HlfileserverApplicationTests

  .   ____          _            __ _ _
 /\\ / ___'_ __ _ _(_)_ __  __ _ \ \ \ \
( ( )\___ | '_ | '_| | '_ \/ _` | \ \ \ \
 \\/  ___)| |_)| | | | | || (_| |  ) ) ) )
  '  |____| .__|_| |_|_| |_\__, | / / / /
 =========|_|==============|___/=/_/_/_/

 :: Spring Boot ::                (v3.4.2)

2025-01-27T21:31:48.689+01:00  INFO 16606 --- [hlfileserver] [           main] d.h.h.HlfileserverApplicationTests       : Starting HlfileserverApplicationTests using Java 21.0.3 with PID 16606 (started by sm1rk in /home/sm1rk/projekte/javaws/hlfileserver)
2025-01-27T21:31:48.693+01:00  INFO 16606 --- [hlfileserver] [           main] d.h.h.HlfileserverApplicationTests       : No active profile set, falling back to 1 default profile: "default"
2025-01-27T21:31:49.567+01:00  INFO 16606 --- [hlfileserver] [           main] d.h.h.HlfileserverApplicationTests       : Started HlfileserverApplicationTests in 1.401 seconds (process running for 3.131)
2025-01-27T21:31:50.882+01:00  INFO 16606 --- [hlfileserver] [           main] d.h.h.s.FileserverFilesystemService      : Path:/home/sm1rk
2025-01-27T21:31:50.883+01:00  INFO 16606 --- [hlfileserver] [           main] d.h.h.s.FileserverFilesystemService      : Parent:/home
2025-01-27T21:31:50.883+01:00  INFO 16606 --- [hlfileserver] [           main] d.h.h.s.FileserverFilesystemService      : Root:/
2025-01-27T21:31:50.885+01:00  INFO 16606 --- [hlfileserver] [           main] d.h.h.s.FileserverFilesystemService      : /home/sm1rk/.dmrc
2025-01-27T21:31:50.887+01:00  INFO 16606 --- [hlfileserver] [           main] d.h.h.s.FileserverFilesystemService      : /home/sm1rk/.bash_logout
2025-01-27T21:31:50.887+01:00  INFO 16606 --- [hlfileserver] [           main] d.h.h.s.FileserverFilesystemService      : /home/sm1rk/.linuxmint
2025-01-27T21:31:50.887+01:00  INFO 16606 --- [hlfileserver] [           main] d.h.h.s.FileserverFilesystemService      : /home/sm1rk/eclipse-cpp-workspace
2025-01-27T21:31:50.888+01:00  INFO 16606 --- [hlfileserver] [           main] d.h.h.s.FileserverFilesystemService      : /home/sm1rk/.gitconfig
2025-01-27T21:31:50.888+01:00  INFO 16606 --- [hlfileserver] [           main] d.h.h.s.FileserverFilesystemService      : /home/sm1rk/.gphoto
2025-01-27T21:31:50.888+01:00  INFO 16606 --- [hlfileserver] [           main] d.h.h.s.FileserverFilesystemService      : /home/sm1rk/Bilder
2025-01-27T21:31:50.889+01:00  INFO 16606 --- [hlfileserver] [           main] d.h.h.s.FileserverFilesystemService      : /home/sm1rk/Vorlagen
2025-01-27T21:31:50.889+01:00  INFO 16606 --- [hlfileserver] [           main] d.h.h.s.FileserverFilesystemService      : /home/sm1rk/eclipse-workspace
2025-01-27T21:31:50.889+01:00  INFO 16606 --- [hlfileserver] [           main] d.h.h.s.FileserverFilesystemService      : /home/sm1rk/Downloads
2025-01-27T21:31:50.890+01:00  INFO 16606 --- [hlfileserver] [           main] d.h.h.s.FileserverFilesystemService      : /home/sm1rk/.bash_history
2025-01-27T21:31:50.890+01:00  INFO 16606 --- [hlfileserver] [           main] d.h.h.s.FileserverFilesystemService      : /home/sm1rk/Schreibtisch
2025-01-27T21:31:50.890+01:00  INFO 16606 --- [hlfileserver] [           main] d.h.h.s.FileserverFilesystemService      : /home/sm1rk/.config
2025-01-27T21:31:50.890+01:00  INFO 16606 --- [hlfileserver] [           main] d.h.h.s.FileserverFilesystemService      : /home/sm1rk/.Xauthority
2025-01-27T21:31:50.891+01:00  INFO 16606 --- [hlfileserver] [           main] d.h.h.s.FileserverFilesystemService      : /home/sm1rk/.vscode
2025-01-27T21:31:50.891+01:00  INFO 16606 --- [hlfileserver] [           main] d.h.h.s.FileserverFilesystemService      : /home/sm1rk/projekte
2025-01-27T21:31:50.891+01:00  INFO 16606 --- [hlfileserver] [           main] d.h.h.s.FileserverFilesystemService      : /home/sm1rk/Videos
2025-01-27T21:31:50.892+01:00  INFO 16606 --- [hlfileserver] [           main] d.h.h.s.FileserverFilesystemService      : /home/sm1rk/.pki
2025-01-27T21:31:50.892+01:00  INFO 16606 --- [hlfileserver] [           main] d.h.h.s.FileserverFilesystemService      : /home/sm1rk/.java
2025-01-27T21:31:50.892+01:00  INFO 16606 --- [hlfileserver] [           main] d.h.h.s.FileserverFilesystemService      : /home/sm1rk/.themes
2025-01-27T21:31:50.893+01:00  INFO 16606 --- [hlfileserver] [           main] d.h.h.s.FileserverFilesystemService      : /home/sm1rk/.mozilla
2025-01-27T21:31:50.893+01:00  INFO 16606 --- [hlfileserver] [           main] d.h.h.s.FileserverFilesystemService      : /home/sm1rk/.docker
2025-01-27T21:31:50.893+01:00  INFO 16606 --- [hlfileserver] [           main] d.h.h.s.FileserverFilesystemService      : /home/sm1rk/packages.microsoft.gpg
2025-01-27T21:31:50.894+01:00  INFO 16606 --- [hlfileserver] [           main] d.h.h.s.FileserverFilesystemService      : /home/sm1rk/.var
2025-01-27T21:31:50.894+01:00  INFO 16606 --- [hlfileserver] [           main] d.h.h.s.FileserverFilesystemService      : /home/sm1rk/.m2
2025-01-27T21:31:50.894+01:00  INFO 16606 --- [hlfileserver] [           main] d.h.h.s.FileserverFilesystemService      : /home/sm1rk/.sudo_as_admin_successful
2025-01-27T21:31:50.895+01:00  INFO 16606 --- [hlfileserver] [           main] d.h.h.s.FileserverFilesystemService      : /home/sm1rk/.p2
2025-01-27T21:31:50.895+01:00  INFO 16606 --- [hlfileserver] [           main] d.h.h.s.FileserverFilesystemService      : /home/sm1rk/Musik
2025-01-27T21:31:50.895+01:00  INFO 16606 --- [hlfileserver] [           main] d.h.h.s.FileserverFilesystemService      : /home/sm1rk/.gtkrc-2.0
2025-01-27T21:31:50.895+01:00  INFO 16606 --- [hlfileserver] [           main] d.h.h.s.FileserverFilesystemService      : /home/sm1rk/.swt
2025-01-27T21:31:50.896+01:00  INFO 16606 --- [hlfileserver] [           main] d.h.h.s.FileserverFilesystemService      : /home/sm1rk/.xsession-errors
2025-01-27T21:31:50.896+01:00  INFO 16606 --- [hlfileserver] [           main] d.h.h.s.FileserverFilesystemService      : /home/sm1rk/.icons
2025-01-27T21:31:50.896+01:00  INFO 16606 --- [hlfileserver] [           main] d.h.h.s.FileserverFilesystemService      : /home/sm1rk/software
2025-01-27T21:31:50.897+01:00  INFO 16606 --- [hlfileserver] [           main] d.h.h.s.FileserverFilesystemService      : /home/sm1rk/.lemminx
2025-01-27T21:31:50.897+01:00  INFO 16606 --- [hlfileserver] [           main] d.h.h.s.FileserverFilesystemService      : /home/sm1rk/.gradle
2025-01-27T21:31:50.897+01:00  INFO 16606 --- [hlfileserver] [           main] d.h.h.s.FileserverFilesystemService      : /home/sm1rk/Öffentlich
2025-01-27T21:31:50.898+01:00  INFO 16606 --- [hlfileserver] [           main] d.h.h.s.FileserverFilesystemService      : /home/sm1rk/.dotnet
2025-01-27T21:31:50.898+01:00  INFO 16606 --- [hlfileserver] [           main] d.h.h.s.FileserverFilesystemService      : /home/sm1rk/.eclipse
2025-01-27T21:31:50.898+01:00  INFO 16606 --- [hlfileserver] [           main] d.h.h.s.FileserverFilesystemService      : /home/sm1rk/Dokumente
2025-01-27T21:31:50.899+01:00  INFO 16606 --- [hlfileserver] [           main] d.h.h.s.FileserverFilesystemService      : /home/sm1rk/.sts4
2025-01-27T21:31:50.899+01:00  INFO 16606 --- [hlfileserver] [           main] d.h.h.s.FileserverFilesystemService      : /home/sm1rk/.bashrc
2025-01-27T21:31:50.899+01:00  INFO 16606 --- [hlfileserver] [           main] d.h.h.s.FileserverFilesystemService      : /home/sm1rk/.cache
2025-01-27T21:31:50.900+01:00  INFO 16606 --- [hlfileserver] [           main] d.h.h.s.FileserverFilesystemService      : /home/sm1rk/.wget-hsts
2025-01-27T21:31:50.900+01:00  INFO 16606 --- [hlfileserver] [           main] d.h.h.s.FileserverFilesystemService      : /home/sm1rk/tmp
2025-01-27T21:31:50.900+01:00  INFO 16606 --- [hlfileserver] [           main] d.h.h.s.FileserverFilesystemService      : /home/sm1rk/.profile
2025-01-27T21:31:50.900+01:00  INFO 16606 --- [hlfileserver] [           main] d.h.h.s.FileserverFilesystemService      : /home/sm1rk/.gtkrc-xfce
2025-01-27T21:31:50.901+01:00  INFO 16606 --- [hlfileserver] [           main] d.h.h.s.FileserverFilesystemService      : /home/sm1rk/.xsession-errors.old
2025-01-27T21:31:50.901+01:00  INFO 16606 --- [hlfileserver] [           main] d.h.h.s.FileserverFilesystemService      : /home/sm1rk/ls
2025-01-27T21:31:50.901+01:00  INFO 16606 --- [hlfileserver] [           main] d.h.h.s.FileserverFilesystemService      : /home/sm1rk/.local
2025-01-27T21:31:50.902+01:00  INFO 16606 --- [hlfileserver] [           main] d.h.h.s.FileserverFilesystemService      : /home/sm1rk/.ssh
2025-01-27T21:31:50.902+01:00  INFO 16606 --- [hlfileserver] [           main] d.h.h.s.FileserverFilesystemService      : /home/sm1rk/.mitmproxy
2025-01-27T21:31:50.902+01:00  INFO 16606 --- [hlfileserver] [           main] d.h.h.s.FileserverFilesystemService      : /home/sm1rk/Postman
2025-01-27T21:31:50.903+01:00  INFO 16606 --- [hlfileserver] [           main] d.h.h.s.FileserverFilesystemService      : /home/sm1rk/.lesshst
2025-01-27T21:31:50.903+01:00  INFO 16606 --- [hlfileserver] [           main] d.h.h.s.FileserverFilesystemService      : /home/sm1rk/snap
2025-01-27T21:31:50.903+01:00  INFO 16606 --- [hlfileserver] [           main] d.h.h.s.FileserverFilesystemService      : /home/sm1rk/.python_history
(F) .Xauthority
(F) .bash_history
(F) .bash_logout
(F) .bashrc
(F) .dmrc
(F) .gitconfig
(F) .gtkrc-2.0
(F) .gtkrc-xfce
(F) .lesshst
(F) .profile
(F) .python_history
(F) .sudo_as_admin_successful
(F) .wget-hsts
(F) .xsession-errors
(F) .xsession-errors.old
(F) packages.microsoft.gpg
(D) .cache
(D) .config
(D) .docker
(D) .dotnet
(D) .eclipse
(D) .gphoto
(D) .gradle
(D) .icons
(D) .java
(D) .lemminx
(D) .linuxmint
(D) .local
(D) .m2
(D) .mitmproxy
(D) .mozilla
(D) .p2
(D) .pki
(D) .ssh
(D) .sts4
(D) .swt
(D) .themes
(D) .var
(D) .vscode
(D) Bilder
(D) Dokumente
(D) Downloads
(D) Musik
(D) Postman
(D) Schreibtisch
(D) Videos
(D) Vorlagen
(D) eclipse-cpp-workspace
(D) eclipse-workspace
(D) ls
(D) projekte
(D) snap
(D) software
(D) tmp
(D) Öffentlich
]]></system-out>
    <system-err><![CDATA[Mockito is currently self-attaching to enable the inline-mock-maker. This will no longer work in future releases of the JDK. Please add Mockito as an agent to your build what is described in Mockito's documentation: https://javadoc.io/doc/org.mockito/mockito-core/latest/org/mockito/Mockito.html#0.3
WARNING: A Java agent has been loaded dynamically (/home/sm1rk/.m2/repository/net/bytebuddy/byte-buddy-agent/1.15.11/byte-buddy-agent-1.15.11.jar)
WARNING: If a serviceability tool is in use, please run with -XX:+EnableDynamicAgentLoading to hide this warning
WARNING: If a serviceability tool is not in use, please run with -Djdk.instrument.traceUsage for more information
WARNING: Dynamic loading of agents will be disallowed by default in a future release
]]></system-err>
  </testcase>
</testsuite>